Сборка начата 14.12.2024 15:34:20.
Уровень детализации журнала: Normal.     1>Проект "D:\BGTU\ОПИ\lab12\lab12\lab12\lab12.vcxproj" в узле 2 (целевые объекты Build).
     1>InitializeBuildStatus:
         Создание "x64\Debug\lab12.tlog\unsuccessfulbuild", так как было задано "AlwaysCreate".
         Обращение к "x64\Debug\lab12.tlog\unsuccessfulbuild".
       ClCompile:
         C:\Program Files\Microsoft Visual Studio\2022\Community\VC\Tools\MSVC\14.37.32822\bin\HostX64\x64\CL.exe /c /ZI /JMC /nologo /W3 /WX- /diagnostics:column /sdl /Od /D _DEBUG /D _CONSOLE /D _UNICODE /D UNICODE /Gm- /EHsc /RTC1 /MDd /GS /fp:precise /Zc:wchar_t /Zc:forScope /Zc:inline /permissive- /Fo"x64\Debug\\" /Fd"x64\Debug\vc143.pdb" /external:W3 /Gd /TP /FC /errorReport:prompt lab12.cpp
         lab12.cpp
     1>D:\BGTU\ОПИ\lab12\lab12\lab12\lab12.cpp(210,10): warning C4267: инициализация: преобразование из "size_t" в "int"; возможна потеря данных
       Link:
         C:\Program Files\Microsoft Visual Studio\2022\Community\VC\Tools\MSVC\14.37.32822\bin\HostX64\x64\link.exe /ERRORREPORT:PROMPT /OUT:"D:\BGTU\ОПИ\lab12\lab12\x64\Debug\lab12.exe" /INCREMENTAL /ILK:"x64\Debug\lab12.ilk" /NOLOGO kernel32.lib user32.lib gdi32.lib winspool.lib comdlg32.lib advapi32.lib shell32.lib ole32.lib oleaut32.lib uuid.lib odbc32.lib odbccp32.lib /MANIFEST /MANIFESTUAC:"level='asInvoker' uiAccess='false'" /manifest:embed /DEBUG /PDB:"D:\BGTU\ОПИ\lab12\lab12\x64\Debug\lab12.pdb" /SUBSYSTEM:CONSOLE /TLBID:1 /DYNAMICBASE /NXCOMPAT /IMPLIB:"D:\BGTU\ОПИ\lab12\lab12\x64\Debug\lab12.lib" /MACHINE:X64 x64\Debug\lab12.obj
         LINK : не найден или не выполнена сборка D:\BGTU\ОПИ\lab12\lab12\x64\Debug\lab12.exe при последней инкрементной компоновке; выполняется полная компоновка
         lab12.vcxproj -> D:\BGTU\ОПИ\lab12\lab12\x64\Debug\lab12.exe
       TlogCleanup:
         Следующие элементы будут удалены из tlogs, так как они были удалены из проекта или сборки: D:\BGTU\ОПИ\lab12\lab12\IlinkovskiArseniy_Caesar's_cipher.cpp.
       FinalizeBuildStatus:
         Файл "x64\Debug\lab12.tlog\unsuccessfulbuild" удаляется.
         Обращение к "x64\Debug\lab12.tlog\lab12.lastbuildstate".
     1>Сборка проекта "D:\BGTU\ОПИ\lab12\lab12\lab12\lab12.vcxproj" завершена (целевые объекты Build).

Сборка успешно завершена.

       "D:\BGTU\ОПИ\lab12\lab12\lab12\lab12.vcxproj" (целевой объект Build ) (1) ->
       (Целевой объект ClCompile) -> 
         D:\BGTU\ОПИ\lab12\lab12\lab12\lab12.cpp(210,10): warning C4267: инициализация: преобразование из "size_t" в "int"; возможна потеря данных

    Предупреждений: 1
    Ошибок: 0

Прошло времени 00:00:04.99
